supervisor: couldn't exec /home/bart/programming/robottas/main.py: ENOEXEC
supervisor: child process was not spawned
supervisor: couldn't exec /home/bart/programming/robottas/main.py: ENOEXEC
supervisor: child process was not spawned
supervisor: couldn't exec /home/bart/programming/robottas/main.py: ENOEXEC
supervisor: child process was not spawned
supervisor: couldn't exec /home/bart/programming/robottas/main.py: ENOEXEC
supervisor: child process was not spawned
Traceback (most recent call last):
  File "/home/bart/programming/robottas/main.py", line 25, in <module>
    create_account(webdriver, selected_drivers, team)
  File "/home/bart/programming/robottas/modules/create_account.py", line 54, in create_account
    webdriver.find_element_by_class_name(xpaths['add_driver_class']).click()
  File "/home/bart/.local/lib/python3.8/site-packages/selenium/webdriver/remote/webdriver.py", line 564, in find_element_by_class_name
    return self.find_element(by=By.CLASS_NAME, value=name)
  File "/home/bart/.local/lib/python3.8/site-packages/selenium/webdriver/remote/webdriver.py", line 976, in find_element
    return self.execute(Command.FIND_ELEMENT, {
  File "/home/bart/.local/lib/python3.8/site-packages/selenium/webdriver/remote/webdriver.py", line 321, in execute
    self.error_handler.check_response(response)
  File "/home/bart/.local/lib/python3.8/site-packages/selenium/webdriver/remote/errorhandler.py", line 242, in check_response
    raise exception_class(message, screen, stacktrace)
selenium.common.exceptions.NoSuchElementException: Message: Unable to locate element: .player-slot__header__icon

