Linux OS
/home/bart/programming/robottas/modules/data/resources/
Ailee Buckley
Aile.B52@gmail.com
data entered
Account was created, adding credentials Aile.B52@gmail.com,80613716 to master list.
zooming out
             name picked   price   score team               xpath_id
0     L. Hamilton    38%  $31.2m  71 pts  MER  //*[@id ="ember596" ]
1       V. Bottas    14%  $29.5m  77 pts  MER  //*[@id ="ember603" ]
2   M. Verstappen    43%  $26.1m  29 pts  RED  //*[@id ="ember610" ]
3      C. Leclerc    29%  $24.1m  28 pts  FER  //*[@id ="ember617" ]
4       S. Vettel    12%  $21.1m  -3 pts  FER  //*[@id ="ember624" ]
5        A. Albon    18%  $20.8m  27 pts  RED  //*[@id ="ember631" ]
6        C. Sainz    42%  $15.5m  34 pts  MCL  //*[@id ="ember638" ]
7    D. Ricciardo    35%  $13.8m   4 pts  REN  //*[@id ="ember645" ]
8       L. Norris    47%  $12.5m  66 pts  MCL  //*[@id ="ember652" ]
9         E. Ocon    16%  $12.3m  16 pts  REN  //*[@id ="ember659" ]
10       P. Gasly    29%  $10.4m  23 pts  ALP  //*[@id ="ember666" ]
11   K. Raikkonen    17%   $9.9m   3 pts  ALF  //*[@id ="ember673" ]
12       D. Kvyat     8%   $9.7m  18 pts  ALP  //*[@id ="ember680" ]
13       S. Perez    58%   $9.7m  45 pts  RAC  //*[@id ="ember687" ]
14      L. Stroll    23%   $8.8m  11 pts  RAC  //*[@id ="ember694" ]
15  A. Giovinazzi     9%   $8.1m  31 pts  ALF  //*[@id ="ember701" ]
16   K. Magnussen    13%   $7.9m   0 pts  HAA  //*[@id ="ember708" ]
17     G. Russell    31%   $5.9m  -9 pts  WIL  //*[@id ="ember715" ]
18    R. Grosjean    15%   $5.8m   1 pts  HAA  //*[@id ="ember722" ]
19      N. Latifi     7%   $5.8m  19 pts  WIL  //*[@id ="ember729" ]
Your selected drivers are: ['A. Giovinazzi', 'V. Bottas', 'L. Norris', 'G. Russell', 'C. Leclerc']
You spent 88.6
           name picked   price    score team               xpath_id
0      Mercedes    25%  $32.2m  138 pts  MER  //*[@id ="ember596" ]
1       Ferrari     8%  $26.7m   48 pts  FER  //*[@id ="ember750" ]
2      Red Bull    22%  $24.5m   61 pts  RED  //*[@id ="ember610" ]
3       McLaren    20%  $15.8m   80 pts  MCL  //*[@id ="ember756" ]
4    AlphaTauri     2%  $12.9m   31 pts  ALP  //*[@id ="ember624" ]
5       Renault     4%  $12.2m   40 pts  REN  //*[@id ="ember631" ]
6  Racing Point    15%  $10.2m   61 pts  RAC  //*[@id ="ember638" ]
7    Alfa Romeo     1%   $8.5m   39 pts  ALF  //*[@id ="ember645" ]
8          Haas     1%   $7.5m   24 pts  HAA  //*[@id ="ember768" ]
9      Williams     1%   $6.5m   15 pts  WIL  //*[@id ="ember659" ]
Team Successfully Created
--- 27.673316478729248 seconds ---
Linux OS
/home/bart/programming/robottas/modules/data/resources/
Max Chavez
Ma.Chavez70@yahoo.com
data entered
Account was created, adding credentials Ma.Chavez70@yahoo.com,62538332 to master list.
zooming out
             name picked   price   score team               xpath_id
0     L. Hamilton    38%  $31.2m  71 pts  MER  //*[@id ="ember596" ]
1       V. Bottas    14%  $29.5m  77 pts  MER  //*[@id ="ember603" ]
2   M. Verstappen    43%  $26.1m  29 pts  RED  //*[@id ="ember610" ]
3      C. Leclerc    29%  $24.1m  28 pts  FER  //*[@id ="ember617" ]
4       S. Vettel    12%  $21.1m  -3 pts  FER  //*[@id ="ember624" ]
5        A. Albon    18%  $20.8m  27 pts  RED  //*[@id ="ember631" ]
6        C. Sainz    42%  $15.5m  34 pts  MCL  //*[@id ="ember638" ]
7    D. Ricciardo    35%  $13.8m   4 pts  REN  //*[@id ="ember645" ]
8       L. Norris    47%  $12.5m  66 pts  MCL  //*[@id ="ember652" ]
9         E. Ocon    16%  $12.3m  16 pts  REN  //*[@id ="ember659" ]
10       P. Gasly    29%  $10.4m  23 pts  ALP  //*[@id ="ember666" ]
11   K. Raikkonen    17%   $9.9m   3 pts  ALF  //*[@id ="ember673" ]
12       D. Kvyat     8%   $9.7m  18 pts  ALP  //*[@id ="ember680" ]
13       S. Perez    58%   $9.7m  45 pts  RAC  //*[@id ="ember687" ]
14      L. Stroll    23%   $8.8m  11 pts  RAC  //*[@id ="ember694" ]
15  A. Giovinazzi     9%   $8.1m  31 pts  ALF  //*[@id ="ember701" ]
16   K. Magnussen    13%   $7.9m   0 pts  HAA  //*[@id ="ember708" ]
17     G. Russell    31%   $5.9m  -9 pts  WIL  //*[@id ="ember715" ]
18    R. Grosjean    15%   $5.8m   1 pts  HAA  //*[@id ="ember722" ]
19      N. Latifi     7%   $5.8m  19 pts  WIL  //*[@id ="ember729" ]
Your selected drivers are: ['A. Giovinazzi', 'V. Bottas', 'C. Leclerc', 'D. Ricciardo', 'K. Raikkonen']
You spent 93.89999999999999
           name picked   price    score team               xpath_id
0      Mercedes    25%  $32.2m  138 pts  MER  //*[@id ="ember596" ]
1       Ferrari     8%  $26.7m   48 pts  FER  //*[@id ="ember750" ]
2      Red Bull    22%  $24.5m   61 pts  RED  //*[@id ="ember610" ]
3       McLaren    20%  $15.8m   80 pts  MCL  //*[@id ="ember756" ]
4    AlphaTauri     2%  $12.9m   31 pts  ALP  //*[@id ="ember624" ]
5       Renault     4%  $12.2m   40 pts  REN  //*[@id ="ember631" ]
6  Racing Point    15%  $10.2m   61 pts  RAC  //*[@id ="ember638" ]
7    Alfa Romeo     1%   $8.5m   39 pts  ALF  //*[@id ="ember766" ]
8          Haas     1%   $7.5m   24 pts  HAA  //*[@id ="ember652" ]
9      Williams     1%   $6.5m   15 pts  WIL  //*[@id ="ember659" ]
Team Successfully Created
--- 33.48429608345032 seconds ---
